<?xml version="1.0" encoding="UTF-8"?>
<testsuites>
  <testsuite name="" tests="178" assertions="265" errors="4" warnings="0" failures="0" skipped="0" time="25.190620">
    <testsuite name="Test Suite" tests="178" assertions="265" errors="4" warnings="0" failures="0" skipped="0" time="25.190620">
      <testsuite name="ControllersCourseTest" file="/Applications/XAMPP/xamppfiles/htdocs/team11-PULSeBS/serverBuild/server/tests/api/ControllersCourseTest.php" tests="4" assertions="7" errors="0" warnings="0" failures="0" skipped="0" time="0.023636">
        <testcase name="testGetAListOfValidCoures" class="ControllersCourseTest" classname="ControllersCourseTest" file="/Applications/XAMPP/xamppfiles/htdocs/team11-PULSeBS/serverBuild/server/tests/api/ControllersCourseTest.php" line="15" assertions="2" time="0.011929"/>
        <testcase name="testGetAEmptyListOfCourses" class="ControllersCourseTest" classname="ControllersCourseTest" file="/Applications/XAMPP/xamppfiles/htdocs/team11-PULSeBS/serverBuild/server/tests/api/ControllersCourseTest.php" line="24" assertions="1" time="0.008800"/>
        <testcase name="testUseWrongMethod" class="ControllersCourseTest" classname="ControllersCourseTest" file="/Applications/XAMPP/xamppfiles/htdocs/team11-PULSeBS/serverBuild/server/tests/api/ControllersCourseTest.php" line="33" assertions="2" time="0.002395"/>
        <testcase name="testUseWrongEndpoint" class="ControllersCourseTest" classname="ControllersCourseTest" file="/Applications/XAMPP/xamppfiles/htdocs/team11-PULSeBS/serverBuild/server/tests/api/ControllersCourseTest.php" line="41" assertions="2" time="0.000513"/>
      </testsuite>
      <testsuite name="ControllersHistoricalDataTest" file="/Applications/XAMPP/xamppfiles/htdocs/team11-PULSeBS/serverBuild/server/tests/api/ControllersHistoricalDataTest.php" tests="8" assertions="12" errors="0" warnings="0" failures="0" skipped="0" time="0.024935">
        <testcase name="testfindBookingsStatsFound" class="ControllersHistoricalDataTest" classname="ControllersHistoricalDataTest" file="/Applications/XAMPP/xamppfiles/htdocs/team11-PULSeBS/serverBuild/server/tests/api/ControllersHistoricalDataTest.php" line="14" assertions="1" time="0.005877"/>
        <testcase name="testfindTeacherStatsFound" class="ControllersHistoricalDataTest" classname="ControllersHistoricalDataTest" file="/Applications/XAMPP/xamppfiles/htdocs/team11-PULSeBS/serverBuild/server/tests/api/ControllersHistoricalDataTest.php" line="26" assertions="1" time="0.003614"/>
        <testcase name="testfindBookingsStatsNotFound" class="ControllersHistoricalDataTest" classname="ControllersHistoricalDataTest" file="/Applications/XAMPP/xamppfiles/htdocs/team11-PULSeBS/serverBuild/server/tests/api/ControllersHistoricalDataTest.php" line="39" assertions="1" time="0.002145"/>
        <testcase name="testProcessRequestBookingStatsFound" class="ControllersHistoricalDataTest" classname="ControllersHistoricalDataTest" file="/Applications/XAMPP/xamppfiles/htdocs/team11-PULSeBS/serverBuild/server/tests/api/ControllersHistoricalDataTest.php" line="52" assertions="2" time="0.007572"/>
        <testcase name="testProcessRequestTeacherStatsFound" class="ControllersHistoricalDataTest" classname="ControllersHistoricalDataTest" file="/Applications/XAMPP/xamppfiles/htdocs/team11-PULSeBS/serverBuild/server/tests/api/ControllersHistoricalDataTest.php" line="65" assertions="2" time="0.003358"/>
        <testcase name="testProcessRequestStatsNotFound" class="ControllersHistoricalDataTest" classname="ControllersHistoricalDataTest" file="/Applications/XAMPP/xamppfiles/htdocs/team11-PULSeBS/serverBuild/server/tests/api/ControllersHistoricalDataTest.php" line="79" assertions="1" time="0.001502"/>
        <testcase name="testUseWrongMethod" class="ControllersHistoricalDataTest" classname="ControllersHistoricalDataTest" file="/Applications/XAMPP/xamppfiles/htdocs/team11-PULSeBS/serverBuild/server/tests/api/ControllersHistoricalDataTest.php" line="91" assertions="2" time="0.000467"/>
        <testcase name="testUseWrongEndpoint" class="ControllersHistoricalDataTest" classname="ControllersHistoricalDataTest" file="/Applications/XAMPP/xamppfiles/htdocs/team11-PULSeBS/serverBuild/server/tests/api/ControllersHistoricalDataTest.php" line="104" assertions="2" time="0.000401"/>
      </testsuite>
      <testsuite name="ControllersLoginTest" file="/Applications/XAMPP/xamppfiles/htdocs/team11-PULSeBS/serverBuild/server/tests/api/ControllersLoginTest.php" tests="4" assertions="9" errors="0" warnings="0" failures="0" skipped="0" time="0.108794">
        <testcase name="testCheckLoginAccess" class="ControllersLoginTest" classname="ControllersLoginTest" file="/Applications/XAMPP/xamppfiles/htdocs/team11-PULSeBS/serverBuild/server/tests/api/ControllersLoginTest.php" line="71" assertions="5" time="0.025379"/>
        <testcase name="testCheckLoginRefused" class="ControllersLoginTest" classname="ControllersLoginTest" file="/Applications/XAMPP/xamppfiles/htdocs/team11-PULSeBS/serverBuild/server/tests/api/ControllersLoginTest.php" line="88" assertions="2" time="0.022594"/>
        <testcase name="testProcessRequestCorrectMethod" class="ControllersLoginTest" classname="ControllersLoginTest" file="/Applications/XAMPP/xamppfiles/htdocs/team11-PULSeBS/serverBuild/server/tests/api/ControllersLoginTest.php" line="100" assertions="1" time="0.022611"/>
        <testcase name="testProcessRequestWrongMethod" class="ControllersLoginTest" classname="ControllersLoginTest" file="/Applications/XAMPP/xamppfiles/htdocs/team11-PULSeBS/serverBuild/server/tests/api/ControllersLoginTest.php" line="110" assertions="1" time="0.038210"/>
      </testsuite>
      <testsuite name="ControllersNotificationTest" file="/Applications/XAMPP/xamppfiles/htdocs/team11-PULSeBS/serverBuild/server/tests/api/ControllersNotificationTest.php" tests="4" assertions="8" errors="0" warnings="0" failures="0" skipped="0" time="2.858710">
        <testcase name="testprocessRequestOK" class="ControllersNotificationTest" classname="ControllersNotificationTest" file="/Applications/XAMPP/xamppfiles/htdocs/team11-PULSeBS/serverBuild/server/tests/api/ControllersNotificationTest.php" line="16" assertions="2" time="1.532380"/>
        <testcase name="testSendNotificationOK" class="ControllersNotificationTest" classname="ControllersNotificationTest" file="/Applications/XAMPP/xamppfiles/htdocs/team11-PULSeBS/serverBuild/server/tests/api/ControllersNotificationTest.php" line="30" assertions="2" time="1.324001"/>
        <testcase name="testUseWrongMethod" class="ControllersNotificationTest" classname="ControllersNotificationTest" file="/Applications/XAMPP/xamppfiles/htdocs/team11-PULSeBS/serverBuild/server/tests/api/ControllersNotificationTest.php" line="38" assertions="2" time="0.000754"/>
        <testcase name="testUseWrongEndpoint" class="ControllersNotificationTest" classname="ControllersNotificationTest" file="/Applications/XAMPP/xamppfiles/htdocs/team11-PULSeBS/serverBuild/server/tests/api/ControllersNotificationTest.php" line="46" assertions="2" time="0.001574"/>
      </testsuite>
      <testsuite name="ControllersReportTracingTest" file="/Applications/XAMPP/xamppfiles/htdocs/team11-PULSeBS/serverBuild/server/tests/api/ControllersReportTracingTest.php" tests="4" assertions="4" errors="0" warnings="0" failures="0" skipped="0" time="0.064998">
        <testcase name="testfindStudentContactsFound" class="ControllersReportTracingTest" classname="ControllersReportTracingTest" file="/Applications/XAMPP/xamppfiles/htdocs/team11-PULSeBS/serverBuild/server/tests/api/ControllersReportTracingTest.php" line="13" assertions="1" time="0.060425"/>
        <testcase name="testfindStudentContactsNotFound" class="ControllersReportTracingTest" classname="ControllersReportTracingTest" file="/Applications/XAMPP/xamppfiles/htdocs/team11-PULSeBS/serverBuild/server/tests/api/ControllersReportTracingTest.php" line="50" assertions="1" time="0.001731"/>
        <testcase name="testProcessRequest_findStudentContactsFound" class="ControllersReportTracingTest" classname="ControllersReportTracingTest" file="/Applications/XAMPP/xamppfiles/htdocs/team11-PULSeBS/serverBuild/server/tests/api/ControllersReportTracingTest.php" line="70" assertions="1" time="0.001531"/>
        <testcase name="testProcessRequest_findStudentContactsNotFound" class="ControllersReportTracingTest" classname="ControllersReportTracingTest" file="/Applications/XAMPP/xamppfiles/htdocs/team11-PULSeBS/serverBuild/server/tests/api/ControllersReportTracingTest.php" line="107" assertions="1" time="0.001311"/>
      </testsuite>
      <testsuite name="ControllersStudentBookingTest" file="/Applications/XAMPP/xamppfiles/htdocs/team11-PULSeBS/serverBuild/server/tests/api/ControllersStudentBookingTest.php" tests="22" assertions="35" errors="0" warnings="0" failures="0" skipped="0" time="3.952362">
        <testcase name="testfindBookableLessonsFound" class="ControllersStudentBookingTest" classname="ControllersStudentBookingTest" file="/Applications/XAMPP/xamppfiles/htdocs/team11-PULSeBS/serverBuild/server/tests/api/ControllersStudentBookingTest.php" line="17" assertions="1" time="0.013065"/>
        <testcase name="testfindBookableLessonsNotFound" class="ControllersStudentBookingTest" classname="ControllersStudentBookingTest" file="/Applications/XAMPP/xamppfiles/htdocs/team11-PULSeBS/serverBuild/server/tests/api/ControllersStudentBookingTest.php" line="26" assertions="1" time="0.029811"/>
        <testcase name="testStudentBookingProcessRequestOutput" class="ControllersStudentBookingTest" classname="ControllersStudentBookingTest" file="/Applications/XAMPP/xamppfiles/htdocs/team11-PULSeBS/serverBuild/server/tests/api/ControllersStudentBookingTest.php" line="36" assertions="2" time="0.001613"/>
        <testcase name="testStudentBookingProcessRequestZeroOutput" class="ControllersStudentBookingTest" classname="ControllersStudentBookingTest" file="/Applications/XAMPP/xamppfiles/htdocs/team11-PULSeBS/serverBuild/server/tests/api/ControllersStudentBookingTest.php" line="46" assertions="1" time="0.020797"/>
        <testcase name="testInsertNewBooking" class="ControllersStudentBookingTest" classname="ControllersStudentBookingTest" file="/Applications/XAMPP/xamppfiles/htdocs/team11-PULSeBS/serverBuild/server/tests/api/ControllersStudentBookingTest.php" line="58" assertions="2" time="1.199923"/>
        <testcase name="testUpdateBooking" class="ControllersStudentBookingTest" classname="ControllersStudentBookingTest" file="/Applications/XAMPP/xamppfiles/htdocs/team11-PULSeBS/serverBuild/server/tests/api/ControllersStudentBookingTest.php" line="78" assertions="4" time="1.326623"/>
        <testcase name="testRequestUpdateBooking" class="ControllersStudentBookingTest" classname="ControllersStudentBookingTest" file="/Applications/XAMPP/xamppfiles/htdocs/team11-PULSeBS/serverBuild/server/tests/api/ControllersStudentBookingTest.php" line="97" assertions="2" time="1.330977"/>
        <testcase name="testFindWaitingLessonsFound" class="ControllersStudentBookingTest" classname="ControllersStudentBookingTest" file="/Applications/XAMPP/xamppfiles/htdocs/team11-PULSeBS/serverBuild/server/tests/api/ControllersStudentBookingTest.php" line="114" assertions="1" time="0.006634"/>
        <testcase name="testFindWaitingLessonsNotFound" class="ControllersStudentBookingTest" classname="ControllersStudentBookingTest" file="/Applications/XAMPP/xamppfiles/htdocs/team11-PULSeBS/serverBuild/server/tests/api/ControllersStudentBookingTest.php" line="126" assertions="1" time="0.002707"/>
        <testcase name="testRequestFindWaitingLessonsFound" class="ControllersStudentBookingTest" classname="ControllersStudentBookingTest" file="/Applications/XAMPP/xamppfiles/htdocs/team11-PULSeBS/serverBuild/server/tests/api/ControllersStudentBookingTest.php" line="138" assertions="3" time="0.001554"/>
        <testcase name="testRequestFindWaitingLessonsNotFound" class="ControllersStudentBookingTest" classname="ControllersStudentBookingTest" file="/Applications/XAMPP/xamppfiles/htdocs/team11-PULSeBS/serverBuild/server/tests/api/ControllersStudentBookingTest.php" line="152" assertions="1" time="0.001139"/>
        <testcase name="testFindBookedLessonsFound" class="ControllersStudentBookingTest" classname="ControllersStudentBookingTest" file="/Applications/XAMPP/xamppfiles/htdocs/team11-PULSeBS/serverBuild/server/tests/api/ControllersStudentBookingTest.php" line="165" assertions="1" time="0.004390"/>
        <testcase name="testFindBookedLessonsNotFound" class="ControllersStudentBookingTest" classname="ControllersStudentBookingTest" file="/Applications/XAMPP/xamppfiles/htdocs/team11-PULSeBS/serverBuild/server/tests/api/ControllersStudentBookingTest.php" line="174" assertions="1" time="0.004391"/>
        <testcase name="testRequestFindBookedLessonsFound" class="ControllersStudentBookingTest" classname="ControllersStudentBookingTest" file="/Applications/XAMPP/xamppfiles/htdocs/team11-PULSeBS/serverBuild/server/tests/api/ControllersStudentBookingTest.php" line="183" assertions="2" time="0.001529"/>
        <testcase name="testRequestFindBookedLessonsNotFound" class="ControllersStudentBookingTest" classname="ControllersStudentBookingTest" file="/Applications/XAMPP/xamppfiles/htdocs/team11-PULSeBS/serverBuild/server/tests/api/ControllersStudentBookingTest.php" line="193" assertions="1" time="0.000984"/>
        <testcase name="testfindLectureWithFullRoomFound" class="ControllersStudentBookingTest" classname="ControllersStudentBookingTest" file="/Applications/XAMPP/xamppfiles/htdocs/team11-PULSeBS/serverBuild/server/tests/api/ControllersStudentBookingTest.php" line="203" assertions="1" time="0.001399"/>
        <testcase name="testfindLectureWithFullRoomNotFound" class="ControllersStudentBookingTest" classname="ControllersStudentBookingTest" file="/Applications/XAMPP/xamppfiles/htdocs/team11-PULSeBS/serverBuild/server/tests/api/ControllersStudentBookingTest.php" line="212" assertions="1" time="0.001019"/>
        <testcase name="testProcessRequestlecturesWithFullRoomFound" class="ControllersStudentBookingTest" classname="ControllersStudentBookingTest" file="/Applications/XAMPP/xamppfiles/htdocs/team11-PULSeBS/serverBuild/server/tests/api/ControllersStudentBookingTest.php" line="222" assertions="2" time="0.001336"/>
        <testcase name="testProcessRequestlecturesWithFullRoomNotFound" class="ControllersStudentBookingTest" classname="ControllersStudentBookingTest" file="/Applications/XAMPP/xamppfiles/htdocs/team11-PULSeBS/serverBuild/server/tests/api/ControllersStudentBookingTest.php" line="232" assertions="1" time="0.000979"/>
        <testcase name="testUseWrongMethod" class="ControllersStudentBookingTest" classname="ControllersStudentBookingTest" file="/Applications/XAMPP/xamppfiles/htdocs/team11-PULSeBS/serverBuild/server/tests/api/ControllersStudentBookingTest.php" line="241" assertions="2" time="0.000433"/>
        <testcase name="testUseWrongEndpointGET" class="ControllersStudentBookingTest" classname="ControllersStudentBookingTest" file="/Applications/XAMPP/xamppfiles/htdocs/team11-PULSeBS/serverBuild/server/tests/api/ControllersStudentBookingTest.php" line="250" assertions="2" time="0.000445"/>
        <testcase name="testUseWrongEndpointPUT" class="ControllersStudentBookingTest" classname="ControllersStudentBookingTest" file="/Applications/XAMPP/xamppfiles/htdocs/team11-PULSeBS/serverBuild/server/tests/api/ControllersStudentBookingTest.php" line="259" assertions="2" time="0.000612"/>
      </testsuite>
      <testsuite name="ControllersStudentCourseTest" file="/Applications/XAMPP/xamppfiles/htdocs/team11-PULSeBS/serverBuild/server/tests/api/ControllersStudentCourseTest.php" tests="4" assertions="7" errors="0" warnings="0" failures="0" skipped="0" time="0.004880">
        <testcase name="testGetAListOfValidCoures" class="ControllersStudentCourseTest" classname="ControllersStudentCourseTest" file="/Applications/XAMPP/xamppfiles/htdocs/team11-PULSeBS/serverBuild/server/tests/api/ControllersStudentCourseTest.php" line="15" assertions="2" time="0.003244"/>
        <testcase name="testGetAEmptyListOfCourses" class="ControllersStudentCourseTest" classname="ControllersStudentCourseTest" file="/Applications/XAMPP/xamppfiles/htdocs/team11-PULSeBS/serverBuild/server/tests/api/ControllersStudentCourseTest.php" line="24" assertions="1" time="0.000843"/>
        <testcase name="testUseWrongMethod" class="ControllersStudentCourseTest" classname="ControllersStudentCourseTest" file="/Applications/XAMPP/xamppfiles/htdocs/team11-PULSeBS/serverBuild/server/tests/api/ControllersStudentCourseTest.php" line="31" assertions="2" time="0.000399"/>
        <testcase name="testUseWrongEndpoint" class="ControllersStudentCourseTest" classname="ControllersStudentCourseTest" file="/Applications/XAMPP/xamppfiles/htdocs/team11-PULSeBS/serverBuild/server/tests/api/ControllersStudentCourseTest.php" line="39" assertions="2" time="0.000394"/>
      </testsuite>
      <testsuite name="ControllersSupportOfficerTest" file="/Applications/XAMPP/xamppfiles/htdocs/team11-PULSeBS/serverBuild/server/tests/api/ControllersSupportOfficerTest.php" tests="20" assertions="20" errors="0" warnings="0" failures="0" skipped="0" time="0.054142">
        <testcase name="testsetUpCoursesTrue" class="ControllersSupportOfficerTest" classname="ControllersSupportOfficerTest" file="/Applications/XAMPP/xamppfiles/htdocs/team11-PULSeBS/serverBuild/server/tests/api/ControllersSupportOfficerTest.php" line="18" assertions="1" time="0.004769"/>
        <testcase name="testsetUpCoursesFalse" class="ControllersSupportOfficerTest" classname="ControllersSupportOfficerTest" file="/Applications/XAMPP/xamppfiles/htdocs/team11-PULSeBS/serverBuild/server/tests/api/ControllersSupportOfficerTest.php" line="86" assertions="1" time="0.001564"/>
        <testcase name="testsetUpEnrollemntTrue" class="ControllersSupportOfficerTest" classname="ControllersSupportOfficerTest" file="/Applications/XAMPP/xamppfiles/htdocs/team11-PULSeBS/serverBuild/server/tests/api/ControllersSupportOfficerTest.php" line="162" assertions="1" time="0.002540"/>
        <testcase name="testsetUpEnrollemntFalse" class="ControllersSupportOfficerTest" classname="ControllersSupportOfficerTest" file="/Applications/XAMPP/xamppfiles/htdocs/team11-PULSeBS/serverBuild/server/tests/api/ControllersSupportOfficerTest.php" line="193" assertions="1" time="0.001543"/>
        <testcase name="testsetUpStudentsTrue" class="ControllersSupportOfficerTest" classname="ControllersSupportOfficerTest" file="/Applications/XAMPP/xamppfiles/htdocs/team11-PULSeBS/serverBuild/server/tests/api/ControllersSupportOfficerTest.php" line="230" assertions="1" time="0.003904"/>
        <testcase name="testsetUpStudentsFalse" class="ControllersSupportOfficerTest" classname="ControllersSupportOfficerTest" file="/Applications/XAMPP/xamppfiles/htdocs/team11-PULSeBS/serverBuild/server/tests/api/ControllersSupportOfficerTest.php" line="273" assertions="1" time="0.001421"/>
        <testcase name="testsetUpProfessorsTrue" class="ControllersSupportOfficerTest" classname="ControllersSupportOfficerTest" file="/Applications/XAMPP/xamppfiles/htdocs/team11-PULSeBS/serverBuild/server/tests/api/ControllersSupportOfficerTest.php" line="322" assertions="1" time="0.002448"/>
        <testcase name="testsetUpProfessorsFalse" class="ControllersSupportOfficerTest" classname="ControllersSupportOfficerTest" file="/Applications/XAMPP/xamppfiles/htdocs/team11-PULSeBS/serverBuild/server/tests/api/ControllersSupportOfficerTest.php" line="357" assertions="1" time="0.001038"/>
        <testcase name="testsetUpLessonsTrue" class="ControllersSupportOfficerTest" classname="ControllersSupportOfficerTest" file="/Applications/XAMPP/xamppfiles/htdocs/team11-PULSeBS/serverBuild/server/tests/api/ControllersSupportOfficerTest.php" line="399" assertions="1" time="0.026744"/>
        <testcase name="testsetUpLessonsFalse" class="ControllersSupportOfficerTest" classname="ControllersSupportOfficerTest" file="/Applications/XAMPP/xamppfiles/htdocs/team11-PULSeBS/serverBuild/server/tests/api/ControllersSupportOfficerTest.php" line="411" assertions="1" time="0.001308"/>
        <testcase name="testProcessRequest_setUpCoursesTrue" class="ControllersSupportOfficerTest" classname="ControllersSupportOfficerTest" file="/Applications/XAMPP/xamppfiles/htdocs/team11-PULSeBS/serverBuild/server/tests/api/ControllersSupportOfficerTest.php" line="436" assertions="1" time="0.000625"/>
        <testcase name="testProcessRequest_setUpCoursesFalse" class="ControllersSupportOfficerTest" classname="ControllersSupportOfficerTest" file="/Applications/XAMPP/xamppfiles/htdocs/team11-PULSeBS/serverBuild/server/tests/api/ControllersSupportOfficerTest.php" line="454" assertions="1" time="0.000382"/>
        <testcase name="testProcessRequest_setUpEnrollemntTrue" class="ControllersSupportOfficerTest" classname="ControllersSupportOfficerTest" file="/Applications/XAMPP/xamppfiles/htdocs/team11-PULSeBS/serverBuild/server/tests/api/ControllersSupportOfficerTest.php" line="530" assertions="1" time="0.000533"/>
        <testcase name="testProcessRequest_setUpEnrollemntFalse" class="ControllersSupportOfficerTest" classname="ControllersSupportOfficerTest" file="/Applications/XAMPP/xamppfiles/htdocs/team11-PULSeBS/serverBuild/server/tests/api/ControllersSupportOfficerTest.php" line="548" assertions="1" time="0.000942"/>
        <testcase name="testProcessRequest_setUpStudentsTrue" class="ControllersSupportOfficerTest" classname="ControllersSupportOfficerTest" file="/Applications/XAMPP/xamppfiles/htdocs/team11-PULSeBS/serverBuild/server/tests/api/ControllersSupportOfficerTest.php" line="566" assertions="1" time="0.001019"/>
        <testcase name="testProcessRequest_setUpStudentsFalse" class="ControllersSupportOfficerTest" classname="ControllersSupportOfficerTest" file="/Applications/XAMPP/xamppfiles/htdocs/team11-PULSeBS/serverBuild/server/tests/api/ControllersSupportOfficerTest.php" line="584" assertions="1" time="0.000703"/>
        <testcase name="testProcessRequest_setUpProfessorsTrue" class="ControllersSupportOfficerTest" classname="ControllersSupportOfficerTest" file="/Applications/XAMPP/xamppfiles/htdocs/team11-PULSeBS/serverBuild/server/tests/api/ControllersSupportOfficerTest.php" line="602" assertions="1" time="0.001049"/>
        <testcase name="testProcessRequest_setUpProfessorsFalse" class="ControllersSupportOfficerTest" classname="ControllersSupportOfficerTest" file="/Applications/XAMPP/xamppfiles/htdocs/team11-PULSeBS/serverBuild/server/tests/api/ControllersSupportOfficerTest.php" line="620" assertions="1" time="0.000431"/>
        <testcase name="testProcessRequest_setUpLessonsTrue" class="ControllersSupportOfficerTest" classname="ControllersSupportOfficerTest" file="/Applications/XAMPP/xamppfiles/htdocs/team11-PULSeBS/serverBuild/server/tests/api/ControllersSupportOfficerTest.php" line="638" assertions="1" time="0.000760"/>
        <testcase name="testProcessRequest_setUpLessonsFalse" class="ControllersSupportOfficerTest" classname="ControllersSupportOfficerTest" file="/Applications/XAMPP/xamppfiles/htdocs/team11-PULSeBS/serverBuild/server/tests/api/ControllersSupportOfficerTest.php" line="656" assertions="1" time="0.000419"/>
      </testsuite>
      <testsuite name="ControllersTeacherBookingTest" file="/Applications/XAMPP/xamppfiles/htdocs/team11-PULSeBS/serverBuild/server/tests/api/ControllersTeacherBookingTest.php" tests="23" assertions="33" errors="0" warnings="0" failures="0" skipped="0" time="0.048427">
        <testcase name="testfindBookedStudentsForLectureFound" class="ControllersTeacherBookingTest" classname="ControllersTeacherBookingTest" file="/Applications/XAMPP/xamppfiles/htdocs/team11-PULSeBS/serverBuild/server/tests/api/ControllersTeacherBookingTest.php" line="15" assertions="1" time="0.002413"/>
        <testcase name="testfindBookedStudentsForLectureNotFound" class="ControllersTeacherBookingTest" classname="ControllersTeacherBookingTest" file="/Applications/XAMPP/xamppfiles/htdocs/team11-PULSeBS/serverBuild/server/tests/api/ControllersTeacherBookingTest.php" line="24" assertions="1" time="0.001602"/>
        <testcase name="testProcessRequestbookedStudentsForLectureFound" class="ControllersTeacherBookingTest" classname="ControllersTeacherBookingTest" file="/Applications/XAMPP/xamppfiles/htdocs/team11-PULSeBS/serverBuild/server/tests/api/ControllersTeacherBookingTest.php" line="32" assertions="2" time="0.000900"/>
        <testcase name="testProcessRequestbookedStudentsForLectureNotFound" class="ControllersTeacherBookingTest" classname="ControllersTeacherBookingTest" file="/Applications/XAMPP/xamppfiles/htdocs/team11-PULSeBS/serverBuild/server/tests/api/ControllersTeacherBookingTest.php" line="42" assertions="1" time="0.001117"/>
        <testcase name="testfindScheduledLecturesForTeacherFound" class="ControllersTeacherBookingTest" classname="ControllersTeacherBookingTest" file="/Applications/XAMPP/xamppfiles/htdocs/team11-PULSeBS/serverBuild/server/tests/api/ControllersTeacherBookingTest.php" line="52" assertions="3" time="0.002315"/>
        <testcase name="testfindScheduledLecturesForTeacherNotFound" class="ControllersTeacherBookingTest" classname="ControllersTeacherBookingTest" file="/Applications/XAMPP/xamppfiles/htdocs/team11-PULSeBS/serverBuild/server/tests/api/ControllersTeacherBookingTest.php" line="63" assertions="1" time="0.002457"/>
        <testcase name="testProcessRequestScheduledLecturesForTeacherFound" class="ControllersTeacherBookingTest" classname="ControllersTeacherBookingTest" file="/Applications/XAMPP/xamppfiles/htdocs/team11-PULSeBS/serverBuild/server/tests/api/ControllersTeacherBookingTest.php" line="71" assertions="2" time="0.000763"/>
        <testcase name="testProcessRequestScheduledLecturesForTeacherNotFound" class="ControllersTeacherBookingTest" classname="ControllersTeacherBookingTest" file="/Applications/XAMPP/xamppfiles/htdocs/team11-PULSeBS/serverBuild/server/tests/api/ControllersTeacherBookingTest.php" line="81" assertions="1" time="0.001085"/>
        <testcase name="testupdateToNotActiveLectureFound" class="ControllersTeacherBookingTest" classname="ControllersTeacherBookingTest" file="/Applications/XAMPP/xamppfiles/htdocs/team11-PULSeBS/serverBuild/server/tests/api/ControllersTeacherBookingTest.php" line="92" assertions="1" time="0.006087"/>
        <testcase name="testupdateToNotActiveLectureNotFound" class="ControllersTeacherBookingTest" classname="ControllersTeacherBookingTest" file="/Applications/XAMPP/xamppfiles/htdocs/team11-PULSeBS/serverBuild/server/tests/api/ControllersTeacherBookingTest.php" line="102" assertions="1" time="0.004117"/>
        <testcase name="testProcessRequestupdateToNotActiveLectureFound" class="ControllersTeacherBookingTest" classname="ControllersTeacherBookingTest" file="/Applications/XAMPP/xamppfiles/htdocs/team11-PULSeBS/serverBuild/server/tests/api/ControllersTeacherBookingTest.php" line="110" assertions="2" time="0.002805"/>
        <testcase name="testProcessRequestupdateToNotActiveLectureNotFound" class="ControllersTeacherBookingTest" classname="ControllersTeacherBookingTest" file="/Applications/XAMPP/xamppfiles/htdocs/team11-PULSeBS/serverBuild/server/tests/api/ControllersTeacherBookingTest.php" line="121" assertions="1" time="0.001604"/>
        <testcase name="testchangeToOnlineFound" class="ControllersTeacherBookingTest" classname="ControllersTeacherBookingTest" file="/Applications/XAMPP/xamppfiles/htdocs/team11-PULSeBS/serverBuild/server/tests/api/ControllersTeacherBookingTest.php" line="133" assertions="1" time="0.001796"/>
        <testcase name="testchangeToOnlineNotFound" class="ControllersTeacherBookingTest" classname="ControllersTeacherBookingTest" file="/Applications/XAMPP/xamppfiles/htdocs/team11-PULSeBS/serverBuild/server/tests/api/ControllersTeacherBookingTest.php" line="143" assertions="1" time="0.001706"/>
        <testcase name="testProcessRequestchangeToOnlineFound" class="ControllersTeacherBookingTest" classname="ControllersTeacherBookingTest" file="/Applications/XAMPP/xamppfiles/htdocs/team11-PULSeBS/serverBuild/server/tests/api/ControllersTeacherBookingTest.php" line="151" assertions="2" time="0.000943"/>
        <testcase name="testProcessRequestchangeToOnlineNotFound" class="ControllersTeacherBookingTest" classname="ControllersTeacherBookingTest" file="/Applications/XAMPP/xamppfiles/htdocs/team11-PULSeBS/serverBuild/server/tests/api/ControllersTeacherBookingTest.php" line="162" assertions="1" time="0.000822"/>
        <testcase name="testchangeToOnlineByYearFound" class="ControllersTeacherBookingTest" classname="ControllersTeacherBookingTest" file="/Applications/XAMPP/xamppfiles/htdocs/team11-PULSeBS/serverBuild/server/tests/api/ControllersTeacherBookingTest.php" line="172" assertions="1" time="0.005887"/>
        <testcase name="testchangeToOnlineByYearNotFound" class="ControllersTeacherBookingTest" classname="ControllersTeacherBookingTest" file="/Applications/XAMPP/xamppfiles/htdocs/team11-PULSeBS/serverBuild/server/tests/api/ControllersTeacherBookingTest.php" line="182" assertions="1" time="0.003298"/>
        <testcase name="testProcessRequestchangeToOnlineByYearFound" class="ControllersTeacherBookingTest" classname="ControllersTeacherBookingTest" file="/Applications/XAMPP/xamppfiles/htdocs/team11-PULSeBS/serverBuild/server/tests/api/ControllersTeacherBookingTest.php" line="191" assertions="2" time="0.003773"/>
        <testcase name="testProcessRequestchangeToOnlineByYearNotFound" class="ControllersTeacherBookingTest" classname="ControllersTeacherBookingTest" file="/Applications/XAMPP/xamppfiles/htdocs/team11-PULSeBS/serverBuild/server/tests/api/ControllersTeacherBookingTest.php" line="202" assertions="1" time="0.001806"/>
        <testcase name="testUseWrongMethod" class="ControllersTeacherBookingTest" classname="ControllersTeacherBookingTest" file="/Applications/XAMPP/xamppfiles/htdocs/team11-PULSeBS/serverBuild/server/tests/api/ControllersTeacherBookingTest.php" line="213" assertions="2" time="0.000371"/>
        <testcase name="testUseWrongEndpointWithGET" class="ControllersTeacherBookingTest" classname="ControllersTeacherBookingTest" file="/Applications/XAMPP/xamppfiles/htdocs/team11-PULSeBS/serverBuild/server/tests/api/ControllersTeacherBookingTest.php" line="222" assertions="2" time="0.000276"/>
        <testcase name="testUseWrongEndpointWithPUT" class="ControllersTeacherBookingTest" classname="ControllersTeacherBookingTest" file="/Applications/XAMPP/xamppfiles/htdocs/team11-PULSeBS/serverBuild/server/tests/api/ControllersTeacherBookingTest.php" line="231" assertions="2" time="0.000485"/>
      </testsuite>
      <testsuite name="ControllersTeacherCourseTest" file="/Applications/XAMPP/xamppfiles/htdocs/team11-PULSeBS/serverBuild/server/tests/api/ControllersTeacherCourseTest.php" tests="4" assertions="7" errors="0" warnings="0" failures="0" skipped="0" time="0.003897">
        <testcase name="testGetAListOfValidCouresForTeacher" class="ControllersTeacherCourseTest" classname="ControllersTeacherCourseTest" file="/Applications/XAMPP/xamppfiles/htdocs/team11-PULSeBS/serverBuild/server/tests/api/ControllersTeacherCourseTest.php" line="16" assertions="2" time="0.001985"/>
        <testcase name="testGetAEmptyListOfCoursesForTeacher" class="ControllersTeacherCourseTest" classname="ControllersTeacherCourseTest" file="/Applications/XAMPP/xamppfiles/htdocs/team11-PULSeBS/serverBuild/server/tests/api/ControllersTeacherCourseTest.php" line="26" assertions="1" time="0.000765"/>
        <testcase name="testUseWrongMethod" class="ControllersTeacherCourseTest" classname="ControllersTeacherCourseTest" file="/Applications/XAMPP/xamppfiles/htdocs/team11-PULSeBS/serverBuild/server/tests/api/ControllersTeacherCourseTest.php" line="33" assertions="2" time="0.000607"/>
        <testcase name="testUseWrongEndpoint" class="ControllersTeacherCourseTest" classname="ControllersTeacherCourseTest" file="/Applications/XAMPP/xamppfiles/htdocs/team11-PULSeBS/serverBuild/server/tests/api/ControllersTeacherCourseTest.php" line="41" assertions="2" time="0.000539"/>
      </testsuite>
      <testsuite name="ControllersUserTest" file="/Applications/XAMPP/xamppfiles/htdocs/team11-PULSeBS/serverBuild/server/tests/api/ControllersUserTest.php" tests="3" assertions="6" errors="0" warnings="0" failures="0" skipped="0" time="0.003721">
        <testcase name="testGetAListOfValidCoures" class="ControllersUserTest" classname="ControllersUserTest" file="/Applications/XAMPP/xamppfiles/htdocs/team11-PULSeBS/serverBuild/server/tests/api/ControllersUserTest.php" line="15" assertions="2" time="0.002474"/>
        <testcase name="testUseWrongMethod" class="ControllersUserTest" classname="ControllersUserTest" file="/Applications/XAMPP/xamppfiles/htdocs/team11-PULSeBS/serverBuild/server/tests/api/ControllersUserTest.php" line="32" assertions="2" time="0.000792"/>
        <testcase name="testUseWrongEndpoint" class="ControllersUserTest" classname="ControllersUserTest" file="/Applications/XAMPP/xamppfiles/htdocs/team11-PULSeBS/serverBuild/server/tests/api/ControllersUserTest.php" line="40" assertions="2" time="0.000454"/>
      </testsuite>
      <testsuite name="GatewaysCourseTest" file="/Applications/XAMPP/xamppfiles/htdocs/team11-PULSeBS/serverBuild/server/tests/api/GatewaysCourseTest.php" tests="1" assertions="2" errors="0" warnings="0" failures="0" skipped="0" time="0.000664">
        <testcase name="testfindCoursesFound" class="GatewaysCourseTest" classname="GatewaysCourseTest" file="/Applications/XAMPP/xamppfiles/htdocs/team11-PULSeBS/serverBuild/server/tests/api/GatewaysCourseTest.php" line="16" assertions="2" time="0.000664"/>
      </testsuite>
      <testsuite name="GatewaysHistoricalDataTest" file="/Applications/XAMPP/xamppfiles/htdocs/team11-PULSeBS/serverBuild/server/tests/api/GatewaysHistoricalDataTest.php" tests="8" assertions="7" errors="4" warnings="0" failures="0" skipped="0" time="0.011366">
        <testcase name="testgetHistoricalDataBookingsPerLectureFound" class="GatewaysHistoricalDataTest" classname="GatewaysHistoricalDataTest" file="/Applications/XAMPP/xamppfiles/htdocs/team11-PULSeBS/serverBuild/server/tests/api/GatewaysHistoricalDataTest.php" line="14" assertions="0" time="0.000871">
          <error type="ArgumentCountError">GatewaysHistoricalDataTest::testgetHistoricalDataBookingsPerLectureFound
ArgumentCountError: Too few arguments to function Server\api\GatewaysHistoricalData::getHistoricalDataBookings(), 3 passed in /Applications/XAMPP/xamppfiles/htdocs/team11-PULSeBS/serverBuild/server/tests/api/GatewaysHistoricalDataTest.php on line 20 and exactly 4 expected

/Applications/XAMPP/xamppfiles/htdocs/team11-PULSeBS/serverBuild/server/src/api/GatewaysHistoricalData.php:12
/Applications/XAMPP/xamppfiles/htdocs/team11-PULSeBS/serverBuild/server/tests/api/GatewaysHistoricalDataTest.php:20</error>
        </testcase>
        <testcase name="testgetHistoricalDataBookingsPerMonthFound" class="GatewaysHistoricalDataTest" classname="GatewaysHistoricalDataTest" file="/Applications/XAMPP/xamppfiles/htdocs/team11-PULSeBS/serverBuild/server/tests/api/GatewaysHistoricalDataTest.php" line="25" assertions="0" time="0.000425">
          <error type="ArgumentCountError">GatewaysHistoricalDataTest::testgetHistoricalDataBookingsPerMonthFound
ArgumentCountError: Too few arguments to function Server\api\GatewaysHistoricalData::getHistoricalDataBookings(), 3 passed in /Applications/XAMPP/xamppfiles/htdocs/team11-PULSeBS/serverBuild/server/tests/api/GatewaysHistoricalDataTest.php on line 31 and exactly 4 expected

/Applications/XAMPP/xamppfiles/htdocs/team11-PULSeBS/serverBuild/server/src/api/GatewaysHistoricalData.php:12
/Applications/XAMPP/xamppfiles/htdocs/team11-PULSeBS/serverBuild/server/tests/api/GatewaysHistoricalDataTest.php:31</error>
        </testcase>
        <testcase name="testgetHistoricalDataBookingsPerWeekFound" class="GatewaysHistoricalDataTest" classname="GatewaysHistoricalDataTest" file="/Applications/XAMPP/xamppfiles/htdocs/team11-PULSeBS/serverBuild/server/tests/api/GatewaysHistoricalDataTest.php" line="36" assertions="0" time="0.000531">
          <error type="ArgumentCountError">GatewaysHistoricalDataTest::testgetHistoricalDataBookingsPerWeekFound
ArgumentCountError: Too few arguments to function Server\api\GatewaysHistoricalData::getHistoricalDataBookings(), 3 passed in /Applications/XAMPP/xamppfiles/htdocs/team11-PULSeBS/serverBuild/server/tests/api/GatewaysHistoricalDataTest.php on line 42 and exactly 4 expected

/Applications/XAMPP/xamppfiles/htdocs/team11-PULSeBS/serverBuild/server/src/api/GatewaysHistoricalData.php:12
/Applications/XAMPP/xamppfiles/htdocs/team11-PULSeBS/serverBuild/server/tests/api/GatewaysHistoricalDataTest.php:42</error>
        </testcase>
        <testcase name="testgetHistoricalDataBookingsNotFound" class="GatewaysHistoricalDataTest" classname="GatewaysHistoricalDataTest" file="/Applications/XAMPP/xamppfiles/htdocs/team11-PULSeBS/serverBuild/server/tests/api/GatewaysHistoricalDataTest.php" line="47" assertions="0" time="0.000699">
          <error type="ArgumentCountError">GatewaysHistoricalDataTest::testgetHistoricalDataBookingsNotFound
ArgumentCountError: Too few arguments to function Server\api\GatewaysHistoricalData::getHistoricalDataBookings(), 3 passed in /Applications/XAMPP/xamppfiles/htdocs/team11-PULSeBS/serverBuild/server/tests/api/GatewaysHistoricalDataTest.php on line 54 and exactly 4 expected

/Applications/XAMPP/xamppfiles/htdocs/team11-PULSeBS/serverBuild/server/src/api/GatewaysHistoricalData.php:12
/Applications/XAMPP/xamppfiles/htdocs/team11-PULSeBS/serverBuild/server/tests/api/GatewaysHistoricalDataTest.php:54</error>
        </testcase>
        <testcase name="testgetHistoricalDataBookingsPerLecturePerTeacherFound" class="GatewaysHistoricalDataTest" classname="GatewaysHistoricalDataTest" file="/Applications/XAMPP/xamppfiles/htdocs/team11-PULSeBS/serverBuild/server/tests/api/GatewaysHistoricalDataTest.php" line="58" assertions="2" time="0.002892"/>
        <testcase name="testgetHistoricalDataBookingsPerMonthPerTeacherFound" class="GatewaysHistoricalDataTest" classname="GatewaysHistoricalDataTest" file="/Applications/XAMPP/xamppfiles/htdocs/team11-PULSeBS/serverBuild/server/tests/api/GatewaysHistoricalDataTest.php" line="70" assertions="2" time="0.001777"/>
        <testcase name="testgetHistoricalDataBookingsPerWeekPerTeacherFound" class="GatewaysHistoricalDataTest" classname="GatewaysHistoricalDataTest" file="/Applications/XAMPP/xamppfiles/htdocs/team11-PULSeBS/serverBuild/server/tests/api/GatewaysHistoricalDataTest.php" line="82" assertions="2" time="0.002659"/>
        <testcase name="testgetHistoricalDataBookingsPerTeacherNotFound" class="GatewaysHistoricalDataTest" classname="GatewaysHistoricalDataTest" file="/Applications/XAMPP/xamppfiles/htdocs/team11-PULSeBS/serverBuild/server/tests/api/GatewaysHistoricalDataTest.php" line="94" assertions="1" time="0.001513"/>
      </testsuite>
      <testsuite name="GatewaysNotificationTest" file="/Applications/XAMPP/xamppfiles/htdocs/team11-PULSeBS/serverBuild/server/tests/api/GatewaysNotificationTest.php" tests="13" assertions="26" errors="0" warnings="0" failures="0" skipped="0" time="17.785685">
        <testcase name="testStudentsAttendingNextLecture" class="GatewaysNotificationTest" classname="GatewaysNotificationTest" file="/Applications/XAMPP/xamppfiles/htdocs/team11-PULSeBS/serverBuild/server/tests/api/GatewaysNotificationTest.php" line="18" assertions="2" time="7.816697"/>
        <testcase name="testStudentsAttendingNextLectureNotFound" class="GatewaysNotificationTest" classname="GatewaysNotificationTest" file="/Applications/XAMPP/xamppfiles/htdocs/team11-PULSeBS/serverBuild/server/tests/api/GatewaysNotificationTest.php" line="25" assertions="2" time="0.006048"/>
        <testcase name="testBookingConfirmation" class="GatewaysNotificationTest" classname="GatewaysNotificationTest" file="/Applications/XAMPP/xamppfiles/htdocs/team11-PULSeBS/serverBuild/server/tests/api/GatewaysNotificationTest.php" line="33" assertions="2" time="1.203549"/>
        <testcase name="testBookingConfirmationNotFound" class="GatewaysNotificationTest" classname="GatewaysNotificationTest" file="/Applications/XAMPP/xamppfiles/htdocs/team11-PULSeBS/serverBuild/server/tests/api/GatewaysNotificationTest.php" line="40" assertions="2" time="0.004274"/>
        <testcase name="testLectureCancelled" class="GatewaysNotificationTest" classname="GatewaysNotificationTest" file="/Applications/XAMPP/xamppfiles/htdocs/team11-PULSeBS/serverBuild/server/tests/api/GatewaysNotificationTest.php" line="47" assertions="2" time="4.848830"/>
        <testcase name="testLectureCancelledNotFound" class="GatewaysNotificationTest" classname="GatewaysNotificationTest" file="/Applications/XAMPP/xamppfiles/htdocs/team11-PULSeBS/serverBuild/server/tests/api/GatewaysNotificationTest.php" line="54" assertions="2" time="0.004208"/>
        <testcase name="testTakenFromWaitingList" class="GatewaysNotificationTest" classname="GatewaysNotificationTest" file="/Applications/XAMPP/xamppfiles/htdocs/team11-PULSeBS/serverBuild/server/tests/api/GatewaysNotificationTest.php" line="61" assertions="2" time="1.492053"/>
        <testcase name="testTakenFromWaitingListNotFound" class="GatewaysNotificationTest" classname="GatewaysNotificationTest" file="/Applications/XAMPP/xamppfiles/htdocs/team11-PULSeBS/serverBuild/server/tests/api/GatewaysNotificationTest.php" line="68" assertions="2" time="0.003928"/>
        <testcase name="testLectureScheduleChange" class="GatewaysNotificationTest" classname="GatewaysNotificationTest" file="/Applications/XAMPP/xamppfiles/htdocs/team11-PULSeBS/serverBuild/server/tests/api/GatewaysNotificationTest.php" line="75" assertions="2" time="1.197591"/>
        <testcase name="testLectureScheduleChangeNotFound" class="GatewaysNotificationTest" classname="GatewaysNotificationTest" file="/Applications/XAMPP/xamppfiles/htdocs/team11-PULSeBS/serverBuild/server/tests/api/GatewaysNotificationTest.php" line="82" assertions="2" time="0.004252"/>
        <testcase name="testWrongEmail" class="GatewaysNotificationTest" classname="GatewaysNotificationTest" file="/Applications/XAMPP/xamppfiles/htdocs/team11-PULSeBS/serverBuild/server/tests/api/GatewaysNotificationTest.php" line="89" assertions="2" time="0.001587"/>
        <testcase name="testDispatch" class="GatewaysNotificationTest" classname="GatewaysNotificationTest" file="/Applications/XAMPP/xamppfiles/htdocs/team11-PULSeBS/serverBuild/server/tests/api/GatewaysNotificationTest.php" line="96" assertions="2" time="1.198506"/>
        <testcase name="testDispatchWithWrongAddressException" class="GatewaysNotificationTest" classname="GatewaysNotificationTest" file="/Applications/XAMPP/xamppfiles/htdocs/team11-PULSeBS/serverBuild/server/tests/api/GatewaysNotificationTest.php" line="104" assertions="2" time="0.004161"/>
      </testsuite>
      <testsuite name="GatewaysReportTracingTest" file="/Applications/XAMPP/xamppfiles/htdocs/team11-PULSeBS/serverBuild/server/tests/api/GatewaysReportTracingTest.php" tests="2" assertions="2" errors="0" warnings="0" failures="0" skipped="0" time="0.002751">
        <testcase name="testfindStudentContactsFound" class="GatewaysReportTracingTest" classname="GatewaysReportTracingTest" file="/Applications/XAMPP/xamppfiles/htdocs/team11-PULSeBS/serverBuild/server/tests/api/GatewaysReportTracingTest.php" line="11" assertions="1" time="0.001928"/>
        <testcase name="testfindStudentContactsNotFound" class="GatewaysReportTracingTest" classname="GatewaysReportTracingTest" file="/Applications/XAMPP/xamppfiles/htdocs/team11-PULSeBS/serverBuild/server/tests/api/GatewaysReportTracingTest.php" line="46" assertions="1" time="0.000823"/>
      </testsuite>
      <testsuite name="GatewaysStudentBookingTest" file="/Applications/XAMPP/xamppfiles/htdocs/team11-PULSeBS/serverBuild/server/tests/api/GatewaysStudentBookingTest.php" tests="12" assertions="17" errors="0" warnings="0" failures="0" skipped="0" time="0.037503">
        <testcase name="testFindStudentLessonsFound" class="GatewaysStudentBookingTest" classname="GatewaysStudentBookingTest" file="/Applications/XAMPP/xamppfiles/htdocs/team11-PULSeBS/serverBuild/server/tests/api/GatewaysStudentBookingTest.php" line="13" assertions="1" time="0.001989"/>
        <testcase name="testFindStudentLessonsNotFound" class="GatewaysStudentBookingTest" classname="GatewaysStudentBookingTest" file="/Applications/XAMPP/xamppfiles/htdocs/team11-PULSeBS/serverBuild/server/tests/api/GatewaysStudentBookingTest.php" line="25" assertions="1" time="0.000681"/>
        <testcase name="testFindWaitingLessonFound" class="GatewaysStudentBookingTest" classname="GatewaysStudentBookingTest" file="/Applications/XAMPP/xamppfiles/htdocs/team11-PULSeBS/serverBuild/server/tests/api/GatewaysStudentBookingTest.php" line="38" assertions="2" time="0.000913"/>
        <testcase name="testFindWaitingLessonNotFound" class="GatewaysStudentBookingTest" classname="GatewaysStudentBookingTest" file="/Applications/XAMPP/xamppfiles/htdocs/team11-PULSeBS/serverBuild/server/tests/api/GatewaysStudentBookingTest.php" line="50" assertions="1" time="0.000908"/>
        <testcase name="testFindBookedLessonFound" class="GatewaysStudentBookingTest" classname="GatewaysStudentBookingTest" file="/Applications/XAMPP/xamppfiles/htdocs/team11-PULSeBS/serverBuild/server/tests/api/GatewaysStudentBookingTest.php" line="63" assertions="1" time="0.001337"/>
        <testcase name="testFindBookedLessonNotFound" class="GatewaysStudentBookingTest" classname="GatewaysStudentBookingTest" file="/Applications/XAMPP/xamppfiles/htdocs/team11-PULSeBS/serverBuild/server/tests/api/GatewaysStudentBookingTest.php" line="73" assertions="1" time="0.000877"/>
        <testcase name="testFindLessonsWithFullRoomFound" class="GatewaysStudentBookingTest" classname="GatewaysStudentBookingTest" file="/Applications/XAMPP/xamppfiles/htdocs/team11-PULSeBS/serverBuild/server/tests/api/GatewaysStudentBookingTest.php" line="84" assertions="1" time="0.001446"/>
        <testcase name="testFindLessonsWithFullRoomNotFound" class="GatewaysStudentBookingTest" classname="GatewaysStudentBookingTest" file="/Applications/XAMPP/xamppfiles/htdocs/team11-PULSeBS/serverBuild/server/tests/api/GatewaysStudentBookingTest.php" line="100" assertions="1" time="0.001190"/>
        <testcase name="testfindDetailsOfLessonsFound" class="GatewaysStudentBookingTest" classname="GatewaysStudentBookingTest" file="/Applications/XAMPP/xamppfiles/htdocs/team11-PULSeBS/serverBuild/server/tests/api/GatewaysStudentBookingTest.php" line="111" assertions="1" time="0.002235"/>
        <testcase name="testfindDetailsOfLessonsNotFound" class="GatewaysStudentBookingTest" classname="GatewaysStudentBookingTest" file="/Applications/XAMPP/xamppfiles/htdocs/team11-PULSeBS/serverBuild/server/tests/api/GatewaysStudentBookingTest.php" line="121" assertions="1" time="0.001223"/>
        <testcase name="testInsertNewBookingWorked" class="GatewaysStudentBookingTest" classname="GatewaysStudentBookingTest" file="/Applications/XAMPP/xamppfiles/htdocs/team11-PULSeBS/serverBuild/server/tests/api/GatewaysStudentBookingTest.php" line="132" assertions="2" time="0.017523"/>
        <testcase name="testUpdateBooking" class="GatewaysStudentBookingTest" classname="GatewaysStudentBookingTest" file="/Applications/XAMPP/xamppfiles/htdocs/team11-PULSeBS/serverBuild/server/tests/api/GatewaysStudentBookingTest.php" line="151" assertions="4" time="0.007181"/>
      </testsuite>
      <testsuite name="GatewaysStudentCourseTest" file="/Applications/XAMPP/xamppfiles/htdocs/team11-PULSeBS/serverBuild/server/tests/api/GatewaysStudentCourseTest.php" tests="3" assertions="6" errors="0" warnings="0" failures="0" skipped="0" time="0.002058">
        <testcase name="testfindStudentCoursesFound" class="GatewaysStudentCourseTest" classname="GatewaysStudentCourseTest" file="/Applications/XAMPP/xamppfiles/htdocs/team11-PULSeBS/serverBuild/server/tests/api/GatewaysStudentCourseTest.php" line="17" assertions="4" time="0.000868"/>
        <testcase name="testfindStudentCoursesWithTeacherId" class="GatewaysStudentCourseTest" classname="GatewaysStudentCourseTest" file="/Applications/XAMPP/xamppfiles/htdocs/team11-PULSeBS/serverBuild/server/tests/api/GatewaysStudentCourseTest.php" line="31" assertions="1" time="0.000552"/>
        <testcase name="testfindStudentCoursesWithNonExistingId" class="GatewaysStudentCourseTest" classname="GatewaysStudentCourseTest" file="/Applications/XAMPP/xamppfiles/htdocs/team11-PULSeBS/serverBuild/server/tests/api/GatewaysStudentCourseTest.php" line="38" assertions="1" time="0.000639"/>
      </testsuite>
      <testsuite name="GatewaysSupportOfficerTest" file="/Applications/XAMPP/xamppfiles/htdocs/team11-PULSeBS/serverBuild/server/tests/api/GatewaysSupportOfficerTest.php" tests="11" assertions="11" errors="0" warnings="0" failures="0" skipped="0" time="0.046698">
        <testcase name="testsetUpCoursesFound" class="GatewaysSupportOfficerTest" classname="GatewaysSupportOfficerTest" file="/Applications/XAMPP/xamppfiles/htdocs/team11-PULSeBS/serverBuild/server/tests/api/GatewaysSupportOfficerTest.php" line="16" assertions="1" time="0.003434"/>
        <testcase name="testsetUpCoursesNotFound" class="GatewaysSupportOfficerTest" classname="GatewaysSupportOfficerTest" file="/Applications/XAMPP/xamppfiles/htdocs/team11-PULSeBS/serverBuild/server/tests/api/GatewaysSupportOfficerTest.php" line="83" assertions="1" time="0.001392"/>
        <testcase name="testsetUpEnrollmentFound" class="GatewaysSupportOfficerTest" classname="GatewaysSupportOfficerTest" file="/Applications/XAMPP/xamppfiles/htdocs/team11-PULSeBS/serverBuild/server/tests/api/GatewaysSupportOfficerTest.php" line="157" assertions="1" time="0.003324"/>
        <testcase name="testsetUpEnrollmentNotFound" class="GatewaysSupportOfficerTest" classname="GatewaysSupportOfficerTest" file="/Applications/XAMPP/xamppfiles/htdocs/team11-PULSeBS/serverBuild/server/tests/api/GatewaysSupportOfficerTest.php" line="186" assertions="1" time="0.000774"/>
        <testcase name="testsetUpStudentsFound" class="GatewaysSupportOfficerTest" classname="GatewaysSupportOfficerTest" file="/Applications/XAMPP/xamppfiles/htdocs/team11-PULSeBS/serverBuild/server/tests/api/GatewaysSupportOfficerTest.php" line="222" assertions="1" time="0.003031"/>
        <testcase name="testsetUpStudentsNotFound" class="GatewaysSupportOfficerTest" classname="GatewaysSupportOfficerTest" file="/Applications/XAMPP/xamppfiles/htdocs/team11-PULSeBS/serverBuild/server/tests/api/GatewaysSupportOfficerTest.php" line="262" assertions="1" time="0.000634"/>
        <testcase name="testsetUpProfessorsFound" class="GatewaysSupportOfficerTest" classname="GatewaysSupportOfficerTest" file="/Applications/XAMPP/xamppfiles/htdocs/team11-PULSeBS/serverBuild/server/tests/api/GatewaysSupportOfficerTest.php" line="309" assertions="1" time="0.002997"/>
        <testcase name="testsetUpProfessorsNotFound" class="GatewaysSupportOfficerTest" classname="GatewaysSupportOfficerTest" file="/Applications/XAMPP/xamppfiles/htdocs/team11-PULSeBS/serverBuild/server/tests/api/GatewaysSupportOfficerTest.php" line="343" assertions="1" time="0.001444"/>
        <testcase name="testsetUpLessonsFound" class="GatewaysSupportOfficerTest" classname="GatewaysSupportOfficerTest" file="/Applications/XAMPP/xamppfiles/htdocs/team11-PULSeBS/serverBuild/server/tests/api/GatewaysSupportOfficerTest.php" line="384" assertions="1" time="0.024147"/>
        <testcase name="testsetUpLessonsNotFoundtruncateLessonsTable" class="GatewaysSupportOfficerTest" classname="GatewaysSupportOfficerTest" file="/Applications/XAMPP/xamppfiles/htdocs/team11-PULSeBS/serverBuild/server/tests/api/GatewaysSupportOfficerTest.php" line="396" assertions="1" time="0.003050"/>
        <testcase name="testsetUpLessonsNotFoundtruncateClassRoomsTable" class="GatewaysSupportOfficerTest" classname="GatewaysSupportOfficerTest" file="/Applications/XAMPP/xamppfiles/htdocs/team11-PULSeBS/serverBuild/server/tests/api/GatewaysSupportOfficerTest.php" line="413" assertions="1" time="0.002470"/>
      </testsuite>
      <testsuite name="GatewaysTeacherBookingTest" file="/Applications/XAMPP/xamppfiles/htdocs/team11-PULSeBS/serverBuild/server/tests/api/GatewaysTeacherBookingTest.php" tests="16" assertions="17" errors="0" warnings="0" failures="0" skipped="0" time="0.029140">
        <testcase name="testfindBookedStudentsForLectureFound" class="GatewaysTeacherBookingTest" classname="GatewaysTeacherBookingTest" file="/Applications/XAMPP/xamppfiles/htdocs/team11-PULSeBS/serverBuild/server/tests/api/GatewaysTeacherBookingTest.php" line="16" assertions="1" time="0.001275"/>
        <testcase name="testfindBookedStudentsForLectureNotFound" class="GatewaysTeacherBookingTest" classname="GatewaysTeacherBookingTest" file="/Applications/XAMPP/xamppfiles/htdocs/team11-PULSeBS/serverBuild/server/tests/api/GatewaysTeacherBookingTest.php" line="26" assertions="1" time="0.001291"/>
        <testcase name="testFindScheduledLecturesForTeacherFound" class="GatewaysTeacherBookingTest" classname="GatewaysTeacherBookingTest" file="/Applications/XAMPP/xamppfiles/htdocs/team11-PULSeBS/serverBuild/server/tests/api/GatewaysTeacherBookingTest.php" line="36" assertions="2" time="0.002163"/>
        <testcase name="testFindScheduledLecturesForTeacherNotFound" class="GatewaysTeacherBookingTest" classname="GatewaysTeacherBookingTest" file="/Applications/XAMPP/xamppfiles/htdocs/team11-PULSeBS/serverBuild/server/tests/api/GatewaysTeacherBookingTest.php" line="47" assertions="1" time="0.000725"/>
        <testcase name="testupdateToNotActiveLectureFound" class="GatewaysTeacherBookingTest" classname="GatewaysTeacherBookingTest" file="/Applications/XAMPP/xamppfiles/htdocs/team11-PULSeBS/serverBuild/server/tests/api/GatewaysTeacherBookingTest.php" line="57" assertions="1" time="0.003815"/>
        <testcase name="testupdateToNotActiveLectureNotFound" class="GatewaysTeacherBookingTest" classname="GatewaysTeacherBookingTest" file="/Applications/XAMPP/xamppfiles/htdocs/team11-PULSeBS/serverBuild/server/tests/api/GatewaysTeacherBookingTest.php" line="68" assertions="1" time="0.000705"/>
        <testcase name="testUpdateNotActiveZeroResult" class="GatewaysTeacherBookingTest" classname="GatewaysTeacherBookingTest" file="/Applications/XAMPP/xamppfiles/htdocs/team11-PULSeBS/serverBuild/server/tests/api/GatewaysTeacherBookingTest.php" line="76" assertions="1" time="0.000959"/>
        <testcase name="testchangeToOnlineLectureFound" class="GatewaysTeacherBookingTest" classname="GatewaysTeacherBookingTest" file="/Applications/XAMPP/xamppfiles/htdocs/team11-PULSeBS/serverBuild/server/tests/api/GatewaysTeacherBookingTest.php" line="96" assertions="1" time="0.003504"/>
        <testcase name="testchangeToOnlineLectureNotFound" class="GatewaysTeacherBookingTest" classname="GatewaysTeacherBookingTest" file="/Applications/XAMPP/xamppfiles/htdocs/team11-PULSeBS/serverBuild/server/tests/api/GatewaysTeacherBookingTest.php" line="107" assertions="1" time="0.001010"/>
        <testcase name="testchangeToOnlineLectureZeroOutput" class="GatewaysTeacherBookingTest" classname="GatewaysTeacherBookingTest" file="/Applications/XAMPP/xamppfiles/htdocs/team11-PULSeBS/serverBuild/server/tests/api/GatewaysTeacherBookingTest.php" line="115" assertions="1" time="0.000840"/>
        <testcase name="testchangeToOnlineLectureByYearFound" class="GatewaysTeacherBookingTest" classname="GatewaysTeacherBookingTest" file="/Applications/XAMPP/xamppfiles/htdocs/team11-PULSeBS/serverBuild/server/tests/api/GatewaysTeacherBookingTest.php" line="135" assertions="1" time="0.006237"/>
        <testcase name="testchangeToOnlineLectureByYearNotFound" class="GatewaysTeacherBookingTest" classname="GatewaysTeacherBookingTest" file="/Applications/XAMPP/xamppfiles/htdocs/team11-PULSeBS/serverBuild/server/tests/api/GatewaysTeacherBookingTest.php" line="145" assertions="1" time="0.001837"/>
        <testcase name="testvalidationDateBeforeUpdateTrue" class="GatewaysTeacherBookingTest" classname="GatewaysTeacherBookingTest" file="/Applications/XAMPP/xamppfiles/htdocs/team11-PULSeBS/serverBuild/server/tests/api/GatewaysTeacherBookingTest.php" line="179" assertions="1" time="0.001966"/>
        <testcase name="testvalidationDateBeforeUpdateFalse" class="GatewaysTeacherBookingTest" classname="GatewaysTeacherBookingTest" file="/Applications/XAMPP/xamppfiles/htdocs/team11-PULSeBS/serverBuild/server/tests/api/GatewaysTeacherBookingTest.php" line="189" assertions="1" time="0.001007"/>
        <testcase name="testvalidationDateBeforeUpdateToOnlineTrue" class="GatewaysTeacherBookingTest" classname="GatewaysTeacherBookingTest" file="/Applications/XAMPP/xamppfiles/htdocs/team11-PULSeBS/serverBuild/server/tests/api/GatewaysTeacherBookingTest.php" line="201" assertions="1" time="0.001209"/>
        <testcase name="testvalidationDateBeforeUpdateToOnlineFalse" class="GatewaysTeacherBookingTest" classname="GatewaysTeacherBookingTest" file="/Applications/XAMPP/xamppfiles/htdocs/team11-PULSeBS/serverBuild/server/tests/api/GatewaysTeacherBookingTest.php" line="211" assertions="1" time="0.000599"/>
      </testsuite>
      <testsuite name="GatewaysTeacherCourseTest" file="/Applications/XAMPP/xamppfiles/htdocs/team11-PULSeBS/serverBuild/server/tests/api/GatewaysTeacherCourseTest.php" tests="3" assertions="6" errors="0" warnings="0" failures="0" skipped="0" time="0.001935">
        <testcase name="testfindTeacherCoursesFound" class="GatewaysTeacherCourseTest" classname="GatewaysTeacherCourseTest" file="/Applications/XAMPP/xamppfiles/htdocs/team11-PULSeBS/serverBuild/server/tests/api/GatewaysTeacherCourseTest.php" line="17" assertions="4" time="0.000873"/>
        <testcase name="testfindTeacherCoursesWithStudentId" class="GatewaysTeacherCourseTest" classname="GatewaysTeacherCourseTest" file="/Applications/XAMPP/xamppfiles/htdocs/team11-PULSeBS/serverBuild/server/tests/api/GatewaysTeacherCourseTest.php" line="31" assertions="1" time="0.000539"/>
        <testcase name="testfindTeacherCoursesWithNonExistingId" class="GatewaysTeacherCourseTest" classname="GatewaysTeacherCourseTest" file="/Applications/XAMPP/xamppfiles/htdocs/team11-PULSeBS/serverBuild/server/tests/api/GatewaysTeacherCourseTest.php" line="38" assertions="1" time="0.000524"/>
      </testsuite>
      <testsuite name="GateWaysUserTableTest" file="/Applications/XAMPP/xamppfiles/htdocs/team11-PULSeBS/serverBuild/server/tests/api/GatewaysUserTableTest.php" tests="2" assertions="5" errors="0" warnings="0" failures="0" skipped="0" time="0.035334">
        <testcase name="testLoginAccess" class="GateWaysUserTableTest" classname="GateWaysUserTableTest" file="/Applications/XAMPP/xamppfiles/htdocs/team11-PULSeBS/serverBuild/server/tests/api/GatewaysUserTableTest.php" line="72" assertions="4" time="0.015758"/>
        <testcase name="testLoginRefused" class="GateWaysUserTableTest" classname="GateWaysUserTableTest" file="/Applications/XAMPP/xamppfiles/htdocs/team11-PULSeBS/serverBuild/server/tests/api/GatewaysUserTableTest.php" line="85" assertions="1" time="0.019575"/>
      </testsuite>
      <testsuite name="GatewaysUserTest" file="/Applications/XAMPP/xamppfiles/htdocs/team11-PULSeBS/serverBuild/server/tests/api/GatewaysUserTest.php" tests="1" assertions="2" errors="0" warnings="0" failures="0" skipped="0" time="0.001320">
        <testcase name="testfindUsersFound" class="GatewaysUserTest" classname="GatewaysUserTest" file="/Applications/XAMPP/xamppfiles/htdocs/team11-PULSeBS/serverBuild/server/tests/api/GatewaysUserTest.php" line="16" assertions="2" time="0.001320"/>
      </testsuite>
      <testsuite name="LoginTest" file="/Applications/XAMPP/xamppfiles/htdocs/team11-PULSeBS/serverBuild/server/tests/api/LoginTest.php" tests="1" assertions="2" errors="0" warnings="0" failures="0" skipped="0" time="0.026734">
        <testcase name="testLoginNotWork" class="LoginTest" classname="LoginTest" file="/Applications/XAMPP/xamppfiles/htdocs/team11-PULSeBS/serverBuild/server/tests/api/LoginTest.php" line="30" assertions="2" time="0.026734"/>
      </testsuite>
      <testsuite name="ServerTest" file="/Applications/XAMPP/xamppfiles/htdocs/team11-PULSeBS/serverBuild/server/tests/api/ServerTest.php" tests="5" assertions="14" errors="0" warnings="0" failures="0" skipped="0" time="0.060928">
        <testcase name="testApiCallBookableLessons" class="ServerTest" classname="ServerTest" file="/Applications/XAMPP/xamppfiles/htdocs/team11-PULSeBS/serverBuild/server/tests/api/ServerTest.php" line="15" assertions="3" time="0.012993"/>
        <testcase name="testApiCallBookableLessonsNotFound" class="ServerTest" classname="ServerTest" file="/Applications/XAMPP/xamppfiles/htdocs/team11-PULSeBS/serverBuild/server/tests/api/ServerTest.php" line="27" assertions="3" time="0.012131"/>
        <testcase name="testApiCallstudentBookings" class="ServerTest" classname="ServerTest" file="/Applications/XAMPP/xamppfiles/htdocs/team11-PULSeBS/serverBuild/server/tests/api/ServerTest.php" line="38" assertions="3" time="0.011537"/>
        <testcase name="testApiCallstudentBookingsNotFoud" class="ServerTest" classname="ServerTest" file="/Applications/XAMPP/xamppfiles/htdocs/team11-PULSeBS/serverBuild/server/tests/api/ServerTest.php" line="50" assertions="3" time="0.010352"/>
        <testcase name="testApiCallInsertBooking" class="ServerTest" classname="ServerTest" file="/Applications/XAMPP/xamppfiles/htdocs/team11-PULSeBS/serverBuild/server/tests/api/ServerTest.php" line="60" assertions="2" time="0.013916"/>
      </testsuite>
    </testsuite>
  </testsuite>
</testsuites>
